------------------------------------------------------------------------------------------------------------------------

[2018-05-18 16:00:09 #1 store] 
Database '/home/miguel/NetBeansProjects/GoCommunity/target/GoCommunity-1.0-SNAPSHOT/WEB-INF/db/go.odb' is opened by 7144@miguel-K55VJ

[2018-05-18 16:00:14 #2 type.registry] 
New type db.Project

[2018-05-18 16:00:14 #3 type] 
Type db.Project is not enhanced.

[2018-05-18 16:00:14 #4 type.registry] 
New type db.Comment

[2018-05-18 16:00:14 #5 type.registry] 
New type java.util.ArrayList<java.lang.Long>

[2018-05-18 16:00:14 #6 type.registry] 
New type java.util.HashMap<java.lang.Double,java.lang.String>

[2018-05-18 16:00:14 #7 type] 
Type db.Comment is not enhanced.

------------------------------------------------------------------------------------------------------------------------

[2018-05-18 16:21:05 #1 store] 
Database '/home/miguel/NetBeansProjects/GoCommunity/target/GoCommunity-1.0-SNAPSHOT/WEB-INF/db/go.odb' has been recovered (tr. 1-3)

[2018-05-18 16:21:06 #2 store] 
Database '/home/miguel/NetBeansProjects/GoCommunity/target/GoCommunity-1.0-SNAPSHOT/WEB-INF/db/go.odb' is opened by 7738@miguel-K55VJ

[2018-05-18 16:21:06 #3 type] 
Type db.Project is not enhanced.

[2018-05-18 16:21:06 #4 type] 
Type db.Comment is not enhanced.

[2018-05-18 16:21:15 #5 type.registry] 
New type db.Client

[2018-05-18 16:21:15 #6 type] 
Type db.Client is not enhanced.

------------------------------------------------------------------------------------------------------------------------

[2018-05-18 16:23:14 #1 store] 
Database '/home/miguel/NetBeansProjects/GoCommunity/target/GoCommunity-1.0-SNAPSHOT/WEB-INF/db/go.odb' has been recovered (tr. 4-4)

[2018-05-18 16:23:14 #2 store] 
Database '/home/miguel/NetBeansProjects/GoCommunity/target/GoCommunity-1.0-SNAPSHOT/WEB-INF/db/go.odb' is opened by 7985@miguel-K55VJ

[2018-05-18 16:23:14 #3 type] 
Type db.Project is not enhanced.

[2018-05-18 16:23:14 #4 type] 
Type db.Comment is not enhanced.

[2018-05-18 16:23:14 #5 type] 
Type db.Client is not enhanced.

[2018-05-18 16:23:53 #6 type.registry] 
New type java.util.ArrayList<java.lang.Object>

[2018-05-18 16:23:53 #7 type.registry] 
New type java.util.ArrayList<db.Comment>

[2018-05-18 16:24:18 #8 type.registry] 
New type java.util.HashMap<java.lang.Object,java.lang.Object>

[2018-05-18 16:24:18 #9 type.registry] 
New type com.objectdb.o.LMT

[2018-05-18 16:24:18 #10 type.registry] 
New type com.objectdb.o.VAL

[2018-05-18 16:24:18 #11 type.registry] 
New type com.objectdb.o.RFV

------------------------------------------------------------------------------------------------------------------------

[2018-05-18 16:49:48 #1 store] 
Database '/home/miguel/NetBeansProjects/GoCommunity/target/GoCommunity-1.0-SNAPSHOT/WEB-INF/db/go.odb' has been recovered (tr. 5-16)

[2018-05-18 16:49:48 #2 store] 
Database '/home/miguel/NetBeansProjects/GoCommunity/target/GoCommunity-1.0-SNAPSHOT/WEB-INF/db/go.odb' is opened by 8546@miguel-K55VJ

[2018-05-18 16:49:48 #3 type] 
Type db.Project is not enhanced.

[2018-05-18 16:49:48 #4 type] 
Type db.Comment is not enhanced.

[2018-05-18 16:49:48 #5 type] 
Type db.Client is not enhanced.

------------------------------------------------------------------------------------------------------------------------

[2018-05-18 18:59:32 #1 store] 
Database '/home/miguel/NetBeansProjects/GoCommunity/target/GoCommunity-1.0-SNAPSHOT/WEB-INF/db/go.odb' has been recovered (tr. 17-18)

[2018-05-18 18:59:32 #2 store] 
Database '/home/miguel/NetBeansProjects/GoCommunity/target/GoCommunity-1.0-SNAPSHOT/WEB-INF/db/go.odb' is opened by 10387@miguel-K55VJ

[2018-05-18 18:59:32 #3 type] 
Type db.Project is not enhanced.

[2018-05-18 18:59:32 #4 type] 
Type db.Comment is not enhanced.

[2018-05-18 18:59:32 #5 type] 
Type db.Client is not enhanced.

------------------------------------------------------------------------------------------------------------------------

[2018-05-18 19:09:57 #1 store] 
Database '/home/miguel/NetBeansProjects/GoCommunity/target/GoCommunity-1.0-SNAPSHOT/WEB-INF/db/go.odb' is opened by 10760@miguel-K55VJ

[2018-05-18 19:09:57 #2 type] 
Type db.Project is not enhanced.

[2018-05-18 19:09:57 #3 type] 
Type db.Comment is not enhanced.

[2018-05-18 19:09:57 #4 type] 
Type db.Client is not enhanced.

------------------------------------------------------------------------------------------------------------------------

[2018-05-18 20:04:01 #1 store] 
Database '/home/miguel/NetBeansProjects/GoCommunity/target/GoCommunity-1.0-SNAPSHOT/WEB-INF/db/go.odb' is opened by 11884@miguel-K55VJ

[2018-05-18 20:04:01 #2 type] 
Type db.Project is not enhanced.

[2018-05-18 20:04:01 #3 type] 
Type db.Comment is not enhanced.

[2018-05-18 20:04:01 #4 type] 
Type db.Client is not enhanced.

