------------------------------------------------------------------------------------------------------------------------

[2018-05-10 11:29:04 #1 store] 
Database 'C:\Users\Asus\Documents\NetBeansProjects\GoCommunity\target\GoCommunity-1.0-SNAPSHOT\WEB-INF\db\go.odb' is opened by 7556@Utilizador

[2018-05-10 11:29:29 #2 type.registry] 
New type db.Client

[2018-05-10 11:29:29 #3 type] 
Type db.Client is not enhanced.

[2018-05-10 11:29:29 #4 type.registry] 
New type java.util.ArrayList<java.lang.Long>

[2018-05-10 11:29:41 #5 type.registry] 
New type db.Project

[2018-05-10 11:29:41 #6 type] 
Type db.Project is not enhanced.

[2018-05-10 11:29:41 #7 type.registry] 
New type java.util.HashMap<java.lang.Double,java.lang.String>

------------------------------------------------------------------------------------------------------------------------

[2018-05-10 14:00:07 #1 store] 
Database 'C:\Users\Asus\Documents\NetBeansProjects\GoCommunity\target\GoCommunity-1.0-SNAPSHOT\WEB-INF\db\go.odb' has been recovered (tr. 1-5)

[2018-05-10 14:00:07 #2 store] 
Database 'C:\Users\Asus\Documents\NetBeansProjects\GoCommunity\target\GoCommunity-1.0-SNAPSHOT\WEB-INF\db\go.odb' is opened by 3108@Utilizador

[2018-05-10 14:00:08 #3 type] 
Type db.Client is not enhanced.

[2018-05-10 14:00:08 #4 type] 
Type db.Project is not enhanced.

[2018-05-10 14:00:16 #5 type.registry] 
New type java.util.ArrayList<java.lang.Object>

------------------------------------------------------------------------------------------------------------------------

[2018-05-10 14:13:45 #1 store] 
Database 'C:\Users\Asus\Documents\NetBeansProjects\GoCommunity\target\GoCommunity-1.0-SNAPSHOT\WEB-INF\db\go.odb' has been recovered (tr. 6-6)

[2018-05-10 14:13:45 #2 store] 
Database 'C:\Users\Asus\Documents\NetBeansProjects\GoCommunity\target\GoCommunity-1.0-SNAPSHOT\WEB-INF\db\go.odb' is opened by 4348@Utilizador

[2018-05-10 14:13:46 #3 type] 
Type db.Client is not enhanced.

[2018-05-10 14:13:46 #4 type] 
Type db.Project is not enhanced.

