------------------------------------------------------------------------------------------------------------------------

[2018-04-25 11:50:49 #1 store] 
Database 'C:\Users\Asus\Documents\NetBeansProjects\GoCommunity\target\GoCommunity-1.0-SNAPSHOT\WEB-INF\db\go.odb' has been recovered (tr. 9-10)

[2018-04-25 11:50:49 #2 store] 
Database 'C:\Users\Asus\Documents\NetBeansProjects\GoCommunity\target\GoCommunity-1.0-SNAPSHOT\WEB-INF\db\go.odb' is opened by 4556@Utilizador

[2018-04-25 11:50:50 #3 type] 
Type db.Client is not enhanced.

[2018-04-25 11:50:50 #4 type] 
Type db.Project is not enhanced.

------------------------------------------------------------------------------------------------------------------------

[2018-04-25 12:09:13 #1 store] 
Database 'C:\Users\Asus\Documents\NetBeansProjects\GoCommunity\target\GoCommunity-1.0-SNAPSHOT\WEB-INF\db\go.odb' is opened by 2764@Utilizador

[2018-04-25 12:09:13 #2 type] 
Type db.Client is not enhanced.

[2018-04-25 12:09:13 #3 type] 
Type db.Project is not enhanced.

------------------------------------------------------------------------------------------------------------------------

[2018-04-25 12:11:30 #1 store] 
Database 'C:\Users\Asus\Documents\NetBeansProjects\GoCommunity\target\GoCommunity-1.0-SNAPSHOT\WEB-INF\db\go.odb' is opened by 4828@Utilizador

[2018-04-25 12:11:30 #2 type] 
Type db.Client is not enhanced.

[2018-04-25 12:11:30 #3 type] 
Type db.Project is not enhanced.

------------------------------------------------------------------------------------------------------------------------

[2018-04-25 12:17:20 #1 store] 
Database 'C:\Users\Asus\Documents\NetBeansProjects\GoCommunity\target\GoCommunity-1.0-SNAPSHOT\WEB-INF\db\go.odb' is opened by 732@Utilizador

[2018-04-25 12:17:20 #2 type] 
Type db.Client is not enhanced.

[2018-04-25 12:17:20 #3 type] 
Type db.Project is not enhanced.

------------------------------------------------------------------------------------------------------------------------

[2018-04-25 12:25:18 #1 store] 
Database 'C:\Users\Asus\Documents\NetBeansProjects\GoCommunity\target\GoCommunity-1.0-SNAPSHOT\WEB-INF\db\go.odb' is opened by 6072@Utilizador

[2018-04-25 12:25:18 #2 type] 
Type db.Client is not enhanced.

[2018-04-25 12:25:19 #3 type] 
Type db.Project is not enhanced.

------------------------------------------------------------------------------------------------------------------------

[2018-04-25 13:16:39 #1 store] 
Database 'C:\Users\Asus\Documents\NetBeansProjects\GoCommunity\target\GoCommunity-1.0-SNAPSHOT\WEB-INF\db\go.odb' is opened by 5392@Utilizador

[2018-04-25 13:16:40 #2 type] 
Type db.Client is not enhanced.

[2018-04-25 13:16:40 #3 type] 
Type db.Project is not enhanced.

------------------------------------------------------------------------------------------------------------------------

[2018-04-25 13:23:19 #1 store] 
Database 'C:\Users\Asus\Documents\NetBeansProjects\GoCommunity\target\GoCommunity-1.0-SNAPSHOT\WEB-INF\db\go.odb' is opened by 6724@Utilizador

[2018-04-25 13:23:20 #2 type] 
Type db.Client is not enhanced.

[2018-04-25 13:23:20 #3 type] 
Type db.Project is not enhanced.

------------------------------------------------------------------------------------------------------------------------

[2018-04-25 13:26:51 #1 store] 
Database 'C:\Users\Asus\Documents\NetBeansProjects\GoCommunity\target\GoCommunity-1.0-SNAPSHOT\WEB-INF\db\go.odb' is opened by 4348@Utilizador

[2018-04-25 13:26:51 #2 type] 
Type db.Client is not enhanced.

[2018-04-25 13:26:51 #3 type] 
Type db.Project is not enhanced.

------------------------------------------------------------------------------------------------------------------------

[2018-04-25 13:29:48 #1 store] 
Database 'C:\Users\Asus\Documents\NetBeansProjects\GoCommunity\target\GoCommunity-1.0-SNAPSHOT\WEB-INF\db\go.odb' is opened by 5064@Utilizador

[2018-04-25 13:29:48 #2 type] 
Type db.Client is not enhanced.

[2018-04-25 13:29:48 #3 type] 
Type db.Project is not enhanced.

------------------------------------------------------------------------------------------------------------------------

[2018-04-25 13:32:31 #1 store] 
Database 'C:\Users\Asus\Documents\NetBeansProjects\GoCommunity\target\GoCommunity-1.0-SNAPSHOT\WEB-INF\db\go.odb' has been recovered (tr. 11-16)

[2018-04-25 13:32:31 #2 store] 
Database 'C:\Users\Asus\Documents\NetBeansProjects\GoCommunity\target\GoCommunity-1.0-SNAPSHOT\WEB-INF\db\go.odb' is opened by 3332@Utilizador

[2018-04-25 13:32:31 #3 type] 
Type db.Client is not enhanced.

[2018-04-25 13:32:31 #4 type] 
Type db.Project is not enhanced.

[2018-04-25 13:32:43 #5 type.registry] 
New type java.util.HashMap<java.lang.Object,java.lang.Object>

------------------------------------------------------------------------------------------------------------------------

[2018-04-25 13:35:36 #1 store] 
Database 'C:\Users\Asus\Documents\NetBeansProjects\GoCommunity\target\GoCommunity-1.0-SNAPSHOT\WEB-INF\db\go.odb' has been recovered (tr. 17-17)

[2018-04-25 13:35:36 #2 store] 
Database 'C:\Users\Asus\Documents\NetBeansProjects\GoCommunity\target\GoCommunity-1.0-SNAPSHOT\WEB-INF\db\go.odb' is opened by 8012@Utilizador

[2018-04-25 13:35:37 #3 type] 
Type db.Client is not enhanced.

[2018-04-25 13:35:37 #4 type] 
Type db.Project is not enhanced.

------------------------------------------------------------------------------------------------------------------------

[2018-04-25 13:38:33 #1 store] 
Database 'C:\Users\Asus\Documents\NetBeansProjects\GoCommunity\target\GoCommunity-1.0-SNAPSHOT\WEB-INF\db\go.odb' has been recovered (tr. 18-18)

[2018-04-25 13:38:33 #2 store] 
Database 'C:\Users\Asus\Documents\NetBeansProjects\GoCommunity\target\GoCommunity-1.0-SNAPSHOT\WEB-INF\db\go.odb' is opened by 7880@Utilizador

[2018-04-25 13:38:33 #3 type] 
Type db.Client is not enhanced.

[2018-04-25 13:38:33 #4 type] 
Type db.Project is not enhanced.

------------------------------------------------------------------------------------------------------------------------

[2018-04-25 18:43:46 #1 store] 
Database 'C:\Users\Asus\Documents\NetBeansProjects\GoCommunity\target\GoCommunity-1.0-SNAPSHOT\WEB-INF\db\go.odb' is opened by 8052@Utilizador

[2018-04-25 18:43:46 #2 type] 
Type db.Client is not enhanced.

[2018-04-25 18:43:46 #3 type] 
Type db.Project is not enhanced.

------------------------------------------------------------------------------------------------------------------------

[2018-04-25 18:57:43 #1 store] 
Database 'C:\Users\Asus\Documents\NetBeansProjects\GoCommunity\target\GoCommunity-1.0-SNAPSHOT\WEB-INF\db\go.odb' has been recovered (tr. 19-19)

[2018-04-25 18:57:44 #2 store] 
Database 'C:\Users\Asus\Documents\NetBeansProjects\GoCommunity\target\GoCommunity-1.0-SNAPSHOT\WEB-INF\db\go.odb' is opened by 5420@Utilizador

[2018-04-25 18:57:44 #3 type] 
Type db.Client is not enhanced.

[2018-04-25 18:57:45 #4 type] 
Type db.Project is not enhanced.

------------------------------------------------------------------------------------------------------------------------

[2018-04-25 19:01:07 #1 store] 
Database 'C:\Users\Asus\Documents\NetBeansProjects\GoCommunity\target\GoCommunity-1.0-SNAPSHOT\WEB-INF\db\go.odb' has been recovered (tr. 20-21)

[2018-04-25 19:01:07 #2 store] 
Database 'C:\Users\Asus\Documents\NetBeansProjects\GoCommunity\target\GoCommunity-1.0-SNAPSHOT\WEB-INF\db\go.odb' is opened by 7500@Utilizador

[2018-04-25 19:01:07 #3 type] 
Type db.Client is not enhanced.

[2018-04-25 19:01:08 #4 type] 
Type db.Project is not enhanced.

------------------------------------------------------------------------------------------------------------------------

[2018-04-25 19:09:00 #1 store] 
Database 'C:\Users\Asus\Documents\NetBeansProjects\GoCommunity\target\GoCommunity-1.0-SNAPSHOT\WEB-INF\db\go.odb' is opened by 1440@Utilizador

[2018-04-25 19:09:00 #2 type] 
Type db.Client is not enhanced.

[2018-04-25 19:09:00 #3 type] 
Type db.Project is not enhanced.

------------------------------------------------------------------------------------------------------------------------

[2018-04-25 19:10:58 #1 store] 
Database 'C:\Users\Asus\Documents\NetBeansProjects\GoCommunity\target\GoCommunity-1.0-SNAPSHOT\WEB-INF\db\go.odb' has been recovered (tr. 22-22)

[2018-04-25 19:10:58 #2 store] 
Database 'C:\Users\Asus\Documents\NetBeansProjects\GoCommunity\target\GoCommunity-1.0-SNAPSHOT\WEB-INF\db\go.odb' is opened by 7532@Utilizador

[2018-04-25 19:10:59 #3 type] 
Type db.Client is not enhanced.

[2018-04-25 19:10:59 #4 type] 
Type db.Project is not enhanced.

------------------------------------------------------------------------------------------------------------------------

[2018-04-25 19:26:29 #1 store] 
Database 'C:\Users\Asus\Documents\NetBeansProjects\GoCommunity\target\GoCommunity-1.0-SNAPSHOT\WEB-INF\db\go.odb' has been recovered (tr. 23-24)

[2018-04-25 19:26:29 #2 store] 
Database 'C:\Users\Asus\Documents\NetBeansProjects\GoCommunity\target\GoCommunity-1.0-SNAPSHOT\WEB-INF\db\go.odb' is opened by 5664@Utilizador

[2018-04-25 19:26:30 #3 type] 
Type db.Client is not enhanced.

[2018-04-25 19:26:30 #4 type] 
Type db.Project is not enhanced.

------------------------------------------------------------------------------------------------------------------------

[2018-04-25 19:28:42 #1 store] 
Database 'C:\Users\Asus\Documents\NetBeansProjects\GoCommunity\target\GoCommunity-1.0-SNAPSHOT\WEB-INF\db\go.odb' is opened by 4164@Utilizador

[2018-04-25 19:28:42 #2 type] 
Type db.Client is not enhanced.

[2018-04-25 19:28:42 #3 type] 
Type db.Project is not enhanced.

------------------------------------------------------------------------------------------------------------------------

[2018-04-25 19:30:58 #1 store] 
Database 'C:\Users\Asus\Documents\NetBeansProjects\GoCommunity\target\GoCommunity-1.0-SNAPSHOT\WEB-INF\db\go.odb' is opened by 2360@Utilizador

[2018-04-25 19:30:58 #2 type] 
Type db.Client is not enhanced.

[2018-04-25 19:30:58 #3 type] 
Type db.Project is not enhanced.

------------------------------------------------------------------------------------------------------------------------

[2018-04-25 19:32:21 #1 store] 
Database 'C:\Users\Asus\Documents\NetBeansProjects\GoCommunity\target\GoCommunity-1.0-SNAPSHOT\WEB-INF\db\go.odb' is opened by 3220@Utilizador

[2018-04-25 19:32:22 #2 type] 
Type db.Client is not enhanced.

[2018-04-25 19:32:22 #3 type] 
Type db.Project is not enhanced.

------------------------------------------------------------------------------------------------------------------------

[2018-04-25 19:37:10 #1 store] 
Database 'C:\Users\Asus\Documents\NetBeansProjects\GoCommunity\target\GoCommunity-1.0-SNAPSHOT\WEB-INF\db\go.odb' is opened by 7948@Utilizador

[2018-04-25 19:37:10 #2 type] 
Type db.Client is not enhanced.

[2018-04-25 19:37:10 #3 type] 
Type db.Project is not enhanced.

------------------------------------------------------------------------------------------------------------------------

[2018-04-25 19:42:34 #1 store] 
Database 'C:\Users\Asus\Documents\NetBeansProjects\GoCommunity\target\GoCommunity-1.0-SNAPSHOT\WEB-INF\db\go.odb' is opened by 3288@Utilizador

[2018-04-25 19:42:34 #2 type] 
Type db.Client is not enhanced.

[2018-04-25 19:42:34 #3 type] 
Type db.Project is not enhanced.

------------------------------------------------------------------------------------------------------------------------

[2018-04-25 20:10:26 #1 store] 
Database 'C:\Users\Asus\Documents\NetBeansProjects\GoCommunity\target\GoCommunity-1.0-SNAPSHOT\WEB-INF\db\go.odb' is opened by 5920@Utilizador

[2018-04-25 20:10:27 #2 type] 
Type db.Client is not enhanced.

[2018-04-25 20:10:27 #3 type] 
Type db.Project is not enhanced.

------------------------------------------------------------------------------------------------------------------------

[2018-04-25 20:13:43 #1 store] 
Database 'C:\Users\Asus\Documents\NetBeansProjects\GoCommunity\target\GoCommunity-1.0-SNAPSHOT\WEB-INF\db\go.odb' is opened by 4352@Utilizador

[2018-04-25 20:13:43 #2 type] 
Type db.Client is not enhanced.

[2018-04-25 20:13:43 #3 type] 
Type db.Project is not enhanced.

------------------------------------------------------------------------------------------------------------------------

[2018-04-25 20:17:10 #1 store] 
Database 'C:\Users\Asus\Documents\NetBeansProjects\GoCommunity\target\GoCommunity-1.0-SNAPSHOT\WEB-INF\db\go.odb' is opened by 3628@Utilizador

[2018-04-25 20:17:11 #2 type] 
Type db.Client is not enhanced.

[2018-04-25 20:17:11 #3 type] 
Type db.Project is not enhanced.

------------------------------------------------------------------------------------------------------------------------

[2018-04-25 20:18:45 #1 store] 
Database 'C:\Users\Asus\Documents\NetBeansProjects\GoCommunity\target\GoCommunity-1.0-SNAPSHOT\WEB-INF\db\go.odb' is opened by 7216@Utilizador

[2018-04-25 20:18:45 #2 type] 
Type db.Client is not enhanced.

[2018-04-25 20:18:45 #3 type] 
Type db.Project is not enhanced.

------------------------------------------------------------------------------------------------------------------------

[2018-04-25 20:24:05 #1 store] 
Database 'C:\Users\Asus\Documents\NetBeansProjects\GoCommunity\target\GoCommunity-1.0-SNAPSHOT\WEB-INF\db\go.odb' is opened by 7636@Utilizador

[2018-04-25 20:24:06 #2 type] 
Type db.Client is not enhanced.

[2018-04-25 20:24:06 #3 type] 
Type db.Project is not enhanced.

------------------------------------------------------------------------------------------------------------------------

[2018-04-25 20:26:31 #1 store] 
Database 'C:\Users\Asus\Documents\NetBeansProjects\GoCommunity\target\GoCommunity-1.0-SNAPSHOT\WEB-INF\db\go.odb' is opened by 7032@Utilizador

[2018-04-25 20:26:32 #2 type] 
Type db.Client is not enhanced.

[2018-04-25 20:26:32 #3 type] 
Type db.Project is not enhanced.

------------------------------------------------------------------------------------------------------------------------

[2018-04-25 20:33:53 #1 store] 
Database 'C:\Users\Asus\Documents\NetBeansProjects\GoCommunity\target\GoCommunity-1.0-SNAPSHOT\WEB-INF\db\go.odb' is opened by 5616@Utilizador

[2018-04-25 20:33:53 #2 type] 
Type db.Client is not enhanced.

[2018-04-25 20:33:53 #3 type] 
Type db.Project is not enhanced.

------------------------------------------------------------------------------------------------------------------------

[2018-04-25 21:39:58 #1 store] 
Database 'C:\Users\Asus\Documents\NetBeansProjects\GoCommunity\target\GoCommunity-1.0-SNAPSHOT\WEB-INF\db\go.odb' is opened by 964@Utilizador

[2018-04-25 21:39:58 #2 type] 
Type db.Client is not enhanced.

[2018-04-25 21:39:59 #3 type] 
Type db.Project is not enhanced.

------------------------------------------------------------------------------------------------------------------------

[2018-04-25 21:41:26 #1 store] 
Database 'C:\Users\Asus\Documents\NetBeansProjects\GoCommunity\target\GoCommunity-1.0-SNAPSHOT\WEB-INF\db\go.odb' is opened by 2704@Utilizador

[2018-04-25 21:41:26 #2 type] 
Type db.Client is not enhanced.

[2018-04-25 21:41:26 #3 type] 
Type db.Project is not enhanced.

------------------------------------------------------------------------------------------------------------------------

[2018-04-25 21:43:24 #1 store] 
Database 'C:\Users\Asus\Documents\NetBeansProjects\GoCommunity\target\GoCommunity-1.0-SNAPSHOT\WEB-INF\db\go.odb' is opened by 700@Utilizador

[2018-04-25 21:43:25 #2 type] 
Type db.Client is not enhanced.

[2018-04-25 21:43:25 #3 type] 
Type db.Project is not enhanced.

------------------------------------------------------------------------------------------------------------------------

[2018-04-25 21:44:34 #1 store] 
Database 'C:\Users\Asus\Documents\NetBeansProjects\GoCommunity\target\GoCommunity-1.0-SNAPSHOT\WEB-INF\db\go.odb' has been recovered (tr. 25-32)

[2018-04-25 21:44:34 #2 store] 
Database 'C:\Users\Asus\Documents\NetBeansProjects\GoCommunity\target\GoCommunity-1.0-SNAPSHOT\WEB-INF\db\go.odb' is opened by 4360@Utilizador

[2018-04-25 21:44:35 #3 type] 
Type db.Client is not enhanced.

[2018-04-25 21:44:35 #4 type] 
Type db.Project is not enhanced.

------------------------------------------------------------------------------------------------------------------------

[2018-04-25 21:47:21 #1 store] 
Database 'C:\Users\Asus\Documents\NetBeansProjects\GoCommunity\target\GoCommunity-1.0-SNAPSHOT\WEB-INF\db\go.odb' is opened by 5144@Utilizador

[2018-04-25 21:47:21 #2 type] 
Type db.Client is not enhanced.

[2018-04-25 21:47:21 #3 type] 
Type db.Project is not enhanced.

------------------------------------------------------------------------------------------------------------------------

[2018-04-25 21:49:13 #1 store] 
Database 'C:\Users\Asus\Documents\NetBeansProjects\GoCommunity\target\GoCommunity-1.0-SNAPSHOT\WEB-INF\db\go.odb' has been recovered (tr. 33-37)

[2018-04-25 21:49:13 #2 store] 
Database 'C:\Users\Asus\Documents\NetBeansProjects\GoCommunity\target\GoCommunity-1.0-SNAPSHOT\WEB-INF\db\go.odb' is opened by 7456@Utilizador

[2018-04-25 21:49:14 #3 type] 
Type db.Client is not enhanced.

[2018-04-25 21:49:14 #4 type] 
Type db.Project is not enhanced.

------------------------------------------------------------------------------------------------------------------------

[2018-04-25 21:59:35 #1 store] 
Database 'C:\Users\Asus\Documents\NetBeansProjects\GoCommunity\target\GoCommunity-1.0-SNAPSHOT\WEB-INF\db\go.odb' has been recovered (tr. 38-43)

[2018-04-25 21:59:36 #2 store] 
Database 'C:\Users\Asus\Documents\NetBeansProjects\GoCommunity\target\GoCommunity-1.0-SNAPSHOT\WEB-INF\db\go.odb' is opened by 6504@Utilizador

[2018-04-25 21:59:36 #3 type] 
Type db.Client is not enhanced.

[2018-04-25 21:59:36 #4 type] 
Type db.Project is not enhanced.

------------------------------------------------------------------------------------------------------------------------

[2018-04-25 22:03:37 #1 store] 
Database 'C:\Users\Asus\Documents\NetBeansProjects\GoCommunity\target\GoCommunity-1.0-SNAPSHOT\WEB-INF\db\go.odb' is opened by 7852@Utilizador

[2018-04-25 22:03:38 #2 type] 
Type db.Client is not enhanced.

[2018-04-25 22:03:38 #3 type] 
Type db.Project is not enhanced.

------------------------------------------------------------------------------------------------------------------------

[2018-04-25 22:12:41 #1 store] 
Database 'C:\Users\Asus\Documents\NetBeansProjects\GoCommunity\target\GoCommunity-1.0-SNAPSHOT\WEB-INF\db\go.odb' has been recovered (tr. 44-48)

[2018-04-25 22:12:41 #2 store] 
Database 'C:\Users\Asus\Documents\NetBeansProjects\GoCommunity\target\GoCommunity-1.0-SNAPSHOT\WEB-INF\db\go.odb' is opened by 4312@Utilizador

[2018-04-25 22:12:42 #3 type] 
Type db.Client is not enhanced.

[2018-04-25 22:12:42 #4 type] 
Type db.Project is not enhanced.

------------------------------------------------------------------------------------------------------------------------

[2018-04-25 22:14:30 #1 store] 
Database 'C:\Users\Asus\Documents\NetBeansProjects\GoCommunity\target\GoCommunity-1.0-SNAPSHOT\WEB-INF\db\go.odb' has been recovered (tr. 49-49)

[2018-04-25 22:14:30 #2 store] 
Database 'C:\Users\Asus\Documents\NetBeansProjects\GoCommunity\target\GoCommunity-1.0-SNAPSHOT\WEB-INF\db\go.odb' is opened by 1188@Utilizador

[2018-04-25 22:14:30 #3 type] 
Type db.Client is not enhanced.

[2018-04-25 22:14:30 #4 type] 
Type db.Project is not enhanced.

------------------------------------------------------------------------------------------------------------------------

[2018-04-25 22:16:04 #1 store] 
Database 'C:\Users\Asus\Documents\NetBeansProjects\GoCommunity\target\GoCommunity-1.0-SNAPSHOT\WEB-INF\db\go.odb' is opened by 1440@Utilizador

[2018-04-25 22:16:04 #2 type] 
Type db.Client is not enhanced.

[2018-04-25 22:16:04 #3 type] 
Type db.Project is not enhanced.

------------------------------------------------------------------------------------------------------------------------

[2018-04-25 22:20:14 #1 store] 
Database 'C:\Users\Asus\Documents\NetBeansProjects\GoCommunity\target\GoCommunity-1.0-SNAPSHOT\WEB-INF\db\go.odb' has been recovered (tr. 50-63)

[2018-04-25 22:20:14 #2 store] 
Database 'C:\Users\Asus\Documents\NetBeansProjects\GoCommunity\target\GoCommunity-1.0-SNAPSHOT\WEB-INF\db\go.odb' is opened by 2620@Utilizador

[2018-04-25 22:20:15 #3 type] 
Type db.Client is not enhanced.

[2018-04-25 22:20:15 #4 type] 
Type db.Project is not enhanced.

------------------------------------------------------------------------------------------------------------------------

[2018-04-25 22:43:13 #1 store] 
Database 'C:\Users\Asus\Documents\NetBeansProjects\GoCommunity\target\GoCommunity-1.0-SNAPSHOT\WEB-INF\db\go.odb' is opened by 6424@Utilizador

[2018-04-25 22:43:14 #2 type] 
Type db.Client is not enhanced.

[2018-04-25 22:43:14 #3 type] 
Type db.Project is not enhanced.

------------------------------------------------------------------------------------------------------------------------

[2018-04-25 22:46:44 #1 store] 
Database 'C:\Users\Asus\Documents\NetBeansProjects\GoCommunity\target\GoCommunity-1.0-SNAPSHOT\WEB-INF\db\go.odb' has been recovered (tr. 64-69)

[2018-04-25 22:46:44 #2 store] 
Database 'C:\Users\Asus\Documents\NetBeansProjects\GoCommunity\target\GoCommunity-1.0-SNAPSHOT\WEB-INF\db\go.odb' is opened by 6368@Utilizador

[2018-04-25 22:46:44 #3 type] 
Type db.Client is not enhanced.

[2018-04-25 22:46:44 #4 type] 
Type db.Project is not enhanced.

