------------------------------------------------------------------------------------------------------------------------

[2018-05-05 10:05:46 #1 store] 
Database 'C:\Users\Asus\Documents\NetBeansProjects\GoCommunity\target\GoCommunity-1.0-SNAPSHOT\WEB-INF\db\go.odb' is opened by 2652@Utilizador

[2018-05-05 10:05:47 #2 type] 
Type db.Client is not enhanced.

[2018-05-05 10:05:47 #3 type] 
Type db.Project is not enhanced.

------------------------------------------------------------------------------------------------------------------------

[2018-05-05 10:10:23 #1 store] 
Database 'C:\Users\Asus\Documents\NetBeansProjects\GoCommunity\target\GoCommunity-1.0-SNAPSHOT\WEB-INF\db\go.odb' is opened by 6316@Utilizador

[2018-05-05 10:10:24 #2 type] 
Type db.Client is not enhanced.

[2018-05-05 10:10:24 #3 type] 
Type db.Project is not enhanced.

------------------------------------------------------------------------------------------------------------------------

[2018-05-05 10:12:10 #1 store] 
Database 'C:\Users\Asus\Documents\NetBeansProjects\GoCommunity\target\GoCommunity-1.0-SNAPSHOT\WEB-INF\db\go.odb' has been recovered (tr. 81-81)

[2018-05-05 10:12:10 #2 store] 
Database 'C:\Users\Asus\Documents\NetBeansProjects\GoCommunity\target\GoCommunity-1.0-SNAPSHOT\WEB-INF\db\go.odb' is opened by 6040@Utilizador

[2018-05-05 10:12:11 #3 type] 
Type db.Client is not enhanced.

[2018-05-05 10:12:11 #4 type] 
Type db.Project is not enhanced.

------------------------------------------------------------------------------------------------------------------------

[2018-05-05 10:13:26 #1 store] 
Database 'C:\Users\Asus\Documents\NetBeansProjects\GoCommunity\target\GoCommunity-1.0-SNAPSHOT\WEB-INF\db\go.odb' is opened by 4764@Utilizador

[2018-05-05 10:13:27 #2 type] 
Type db.Client is not enhanced.

[2018-05-05 10:13:27 #3 type] 
Type db.Project is not enhanced.

------------------------------------------------------------------------------------------------------------------------

[2018-05-05 10:26:08 #1 store] 
Database 'C:\Users\Asus\Documents\NetBeansProjects\GoCommunity\target\GoCommunity-1.0-SNAPSHOT\WEB-INF\db\go.odb' has been recovered (tr. 82-93)

[2018-05-05 10:26:08 #2 store] 
Database 'C:\Users\Asus\Documents\NetBeansProjects\GoCommunity\target\GoCommunity-1.0-SNAPSHOT\WEB-INF\db\go.odb' is opened by 4852@Utilizador

[2018-05-05 10:26:09 #3 type] 
Type db.Client is not enhanced.

[2018-05-05 10:26:09 #4 type] 
Type db.Project is not enhanced.

------------------------------------------------------------------------------------------------------------------------

[2018-05-05 10:27:46 #1 store] 
Database 'C:\Users\Asus\Documents\NetBeansProjects\GoCommunity\target\GoCommunity-1.0-SNAPSHOT\WEB-INF\db\go.odb' is opened by 5768@Utilizador

[2018-05-05 10:27:46 #2 type] 
Type db.Client is not enhanced.

[2018-05-05 10:27:46 #3 type] 
Type db.Project is not enhanced.

------------------------------------------------------------------------------------------------------------------------

[2018-05-05 10:31:50 #1 store] 
Database 'C:\Users\Asus\Documents\NetBeansProjects\GoCommunity\target\GoCommunity-1.0-SNAPSHOT\WEB-INF\db\go.odb' is opened by 4284@Utilizador

[2018-05-05 10:31:51 #2 type] 
Type db.Client is not enhanced.

[2018-05-05 10:31:51 #3 type] 
Type db.Project is not enhanced.

------------------------------------------------------------------------------------------------------------------------

[2018-05-05 10:32:52 #1 store] 
Database 'C:\Users\Asus\Documents\NetBeansProjects\GoCommunity\target\GoCommunity-1.0-SNAPSHOT\WEB-INF\db\go.odb' is opened by 7288@Utilizador

[2018-05-05 10:32:53 #2 type] 
Type db.Client is not enhanced.

[2018-05-05 10:32:53 #3 type] 
Type db.Project is not enhanced.

