------------------------------------------------------------------------------------------------------------------------

[2018-05-17 15:50:11 #1 store] 
Database 'C:\Users\Asus\Documents\NetBeansProjects\GoCommunity\target\GoCommunity-1.0-SNAPSHOT\WEB-INF\db\go.odb' is opened by 2848@Utilizador

[2018-05-17 15:50:21 #2 type.registry] 
New type db.Client

[2018-05-17 15:50:21 #3 type] 
Type db.Client is not enhanced.

[2018-05-17 15:50:21 #4 type.registry] 
New type java.util.ArrayList<java.lang.Long>

[2018-05-17 15:50:22 #5 type.registry] 
New type db.Project

[2018-05-17 15:50:22 #6 type] 
Type db.Project is not enhanced.

[2018-05-17 15:50:22 #7 type.registry] 
New type db.Comment

[2018-05-17 15:50:22 #8 type.registry] 
New type java.util.HashMap<java.lang.Double,java.lang.String>

[2018-05-17 15:50:22 #9 type] 
Type db.Comment is not enhanced.

[2018-05-17 15:50:27 #10 type.registry] 
New type java.util.ArrayList<java.lang.Object>

[2018-05-17 15:50:27 #11 type.registry] 
New type java.util.ArrayList<db.Comment>

