------------------------------------------------------------------------------------------------------------------------

[2018-04-24 19:31:17 #1 store] 
Database 'C:\Users\Asus\Documents\NetBeansProjects\GoCommunity\target\GoCommunity-1.0-SNAPSHOT\WEB-INF\db\go.odb' is opened by 6440@Utilizador

------------------------------------------------------------------------------------------------------------------------

[2018-04-24 19:35:17 #1 store] 
Database 'C:\Users\Asus\Documents\NetBeansProjects\GoCommunity\target\GoCommunity-1.0-SNAPSHOT\WEB-INF\db\go.odb' has been recovered (tr. 1-2)

[2018-04-24 19:35:17 #2 store] 
Database 'C:\Users\Asus\Documents\NetBeansProjects\GoCommunity\target\GoCommunity-1.0-SNAPSHOT\WEB-INF\db\go.odb' is opened by 3364@Utilizador

------------------------------------------------------------------------------------------------------------------------

[2018-04-24 19:37:53 #1 store] 
Database 'C:\Users\Asus\Documents\NetBeansProjects\GoCommunity\target\GoCommunity-1.0-SNAPSHOT\WEB-INF\db\go.odb' is opened by 7348@Utilizador

------------------------------------------------------------------------------------------------------------------------

[2018-04-24 19:40:28 #1 store] 
Database 'C:\Users\Asus\Documents\NetBeansProjects\GoCommunity\target\GoCommunity-1.0-SNAPSHOT\WEB-INF\db\go.odb' is opened by 5564@Utilizador

[2018-04-24 19:40:28 #2 type.registry] 
New type db.Client

[2018-04-24 19:40:28 #3 type] 
Type db.Client is not enhanced.

[2018-04-24 19:40:28 #4 type.registry] 
New type java.util.ArrayList<java.lang.Integer>

------------------------------------------------------------------------------------------------------------------------

[2018-04-24 19:41:33 #1 store] 
Database 'C:\Users\Asus\Documents\NetBeansProjects\GoCommunity\target\GoCommunity-1.0-SNAPSHOT\WEB-INF\db\go.odb' has been recovered (tr. 3-3)

[2018-04-24 19:41:33 #2 store] 
Database 'C:\Users\Asus\Documents\NetBeansProjects\GoCommunity\target\GoCommunity-1.0-SNAPSHOT\WEB-INF\db\go.odb' is opened by 6120@Utilizador

[2018-04-24 19:41:33 #3 type] 
Type db.Client is not enhanced.

------------------------------------------------------------------------------------------------------------------------

[2018-04-24 19:54:56 #1 store] 
Database 'C:\Users\Asus\Documents\NetBeansProjects\GoCommunity\target\GoCommunity-1.0-SNAPSHOT\WEB-INF\db\go.odb' is opened by 4604@Utilizador

[2018-04-24 19:54:56 #2 type] 
Type db.Client is not enhanced.

------------------------------------------------------------------------------------------------------------------------

[2018-04-24 19:59:51 #1 store] 
Database 'C:\Users\Asus\Documents\NetBeansProjects\GoCommunity\target\GoCommunity-1.0-SNAPSHOT\WEB-INF\db\go.odb' has been recovered (tr. 4-6)

[2018-04-24 19:59:51 #2 store] 
Database 'C:\Users\Asus\Documents\NetBeansProjects\GoCommunity\target\GoCommunity-1.0-SNAPSHOT\WEB-INF\db\go.odb' is opened by 828@Utilizador

[2018-04-24 19:59:51 #3 type] 
Type db.Client is not enhanced.

[2018-04-24 20:00:00 #4 type.registry] 
New type java.util.ArrayList<java.lang.Object>

------------------------------------------------------------------------------------------------------------------------

[2018-04-24 20:01:37 #1 store] 
Database 'C:\Users\Asus\Documents\NetBeansProjects\GoCommunity\target\GoCommunity-1.0-SNAPSHOT\WEB-INF\db\go.odb' has been recovered (tr. 7-7)

[2018-04-24 20:01:37 #2 store] 
Database 'C:\Users\Asus\Documents\NetBeansProjects\GoCommunity\target\GoCommunity-1.0-SNAPSHOT\WEB-INF\db\go.odb' is opened by 4216@Utilizador

[2018-04-24 20:01:37 #3 type] 
Type db.Client is not enhanced.

------------------------------------------------------------------------------------------------------------------------

[2018-04-24 21:51:57 #1 store] 
Database 'C:\Users\Asus\Documents\NetBeansProjects\GoCommunity\target\GoCommunity-1.0-SNAPSHOT\WEB-INF\db\go.odb' is opened by 7608@Utilizador

[2018-04-24 21:51:58 #2 type] 
Type db.Client is not enhanced.

------------------------------------------------------------------------------------------------------------------------

[2018-04-24 21:56:02 #1 store] 
Database 'C:\Users\Asus\Documents\NetBeansProjects\GoCommunity\target\GoCommunity-1.0-SNAPSHOT\WEB-INF\db\go.odb' is opened by 4824@Utilizador

[2018-04-24 21:56:02 #2 type] 
Type db.Client is not enhanced.

------------------------------------------------------------------------------------------------------------------------

[2018-04-24 22:14:31 #1 store] 
Database 'C:\Users\Asus\Documents\NetBeansProjects\GoCommunity\target\GoCommunity-1.0-SNAPSHOT\WEB-INF\db\go.odb' is opened by 5240@Utilizador

[2018-04-24 22:14:31 #2 type] 
Type db.Client is not enhanced.

------------------------------------------------------------------------------------------------------------------------

[2018-04-24 23:09:18 #1 store] 
Database 'C:\Users\Asus\Documents\NetBeansProjects\GoCommunity\target\GoCommunity-1.0-SNAPSHOT\WEB-INF\db\go.odb' has been recovered (tr. 8-8)

[2018-04-24 23:09:18 #2 store] 
Database 'C:\Users\Asus\Documents\NetBeansProjects\GoCommunity\target\GoCommunity-1.0-SNAPSHOT\WEB-INF\db\go.odb' is opened by 6908@Utilizador

[2018-04-24 23:09:18 #3 type] 
Type db.Client is not enhanced.

[2018-04-24 23:09:18 #4 type.registry] 
New type java.util.ArrayList<java.lang.Long>

[2018-04-24 23:10:06 #5 type.registry] 
New type db.Project

[2018-04-24 23:10:06 #6 type] 
Type db.Project is not enhanced.

[2018-04-24 23:10:06 #7 type.registry] 
New type java.util.HashMap<java.lang.Double,java.lang.String>

