------------------------------------------------------------------------------------------------------------------------

[2018-05-04 15:01:32 #1 store] 
Database 'C:\Users\Asus\Documents\NetBeansProjects\GoCommunity\target\GoCommunity-1.0-SNAPSHOT\WEB-INF\db\go.odb' has been recovered (tr. 73-80)

[2018-05-04 15:01:32 #2 store] 
Database 'C:\Users\Asus\Documents\NetBeansProjects\GoCommunity\target\GoCommunity-1.0-SNAPSHOT\WEB-INF\db\go.odb' is opened by 1476@Utilizador

[2018-05-04 15:01:33 #3 type] 
Type db.Client is not enhanced.

[2018-05-04 15:01:33 #4 type] 
Type db.Project is not enhanced.

------------------------------------------------------------------------------------------------------------------------

[2018-05-04 15:06:32 #1 store] 
Database 'C:\Users\Asus\Documents\NetBeansProjects\GoCommunity\target\GoCommunity-1.0-SNAPSHOT\WEB-INF\db\go.odb' is opened by 5784@Utilizador

[2018-05-04 15:06:32 #2 type] 
Type db.Client is not enhanced.

[2018-05-04 15:06:32 #3 type] 
Type db.Project is not enhanced.

------------------------------------------------------------------------------------------------------------------------

[2018-05-04 15:25:41 #1 store] 
Database 'C:\Users\Asus\Documents\NetBeansProjects\GoCommunity\target\GoCommunity-1.0-SNAPSHOT\WEB-INF\db\go.odb' is opened by 4324@Utilizador

[2018-05-04 15:25:42 #2 type] 
Type db.Client is not enhanced.

[2018-05-04 15:25:42 #3 type] 
Type db.Project is not enhanced.

------------------------------------------------------------------------------------------------------------------------

[2018-05-04 15:26:48 #1 store] 
Database 'C:\Users\Asus\Documents\NetBeansProjects\GoCommunity\target\GoCommunity-1.0-SNAPSHOT\WEB-INF\db\go.odb' is opened by 1284@Utilizador

[2018-05-04 15:26:48 #2 type] 
Type db.Client is not enhanced.

[2018-05-04 15:26:48 #3 type] 
Type db.Project is not enhanced.

------------------------------------------------------------------------------------------------------------------------

[2018-05-04 15:29:24 #1 store] 
Database 'C:\Users\Asus\Documents\NetBeansProjects\GoCommunity\target\GoCommunity-1.0-SNAPSHOT\WEB-INF\db\go.odb' is opened by 192@Utilizador

[2018-05-04 15:29:25 #2 type] 
Type db.Client is not enhanced.

[2018-05-04 15:29:25 #3 type] 
Type db.Project is not enhanced.

------------------------------------------------------------------------------------------------------------------------

[2018-05-04 15:30:56 #1 store] 
Database 'C:\Users\Asus\Documents\NetBeansProjects\GoCommunity\target\GoCommunity-1.0-SNAPSHOT\WEB-INF\db\go.odb' is opened by 7396@Utilizador

[2018-05-04 15:30:57 #2 type] 
Type db.Client is not enhanced.

[2018-05-04 15:30:57 #3 type] 
Type db.Project is not enhanced.

------------------------------------------------------------------------------------------------------------------------

[2018-05-04 15:33:28 #1 store] 
Database 'C:\Users\Asus\Documents\NetBeansProjects\GoCommunity\target\GoCommunity-1.0-SNAPSHOT\WEB-INF\db\go.odb' is opened by 5852@Utilizador

[2018-05-04 15:33:28 #2 type] 
Type db.Client is not enhanced.

[2018-05-04 15:33:28 #3 type] 
Type db.Project is not enhanced.

------------------------------------------------------------------------------------------------------------------------

[2018-05-04 15:34:59 #1 store] 
Database 'C:\Users\Asus\Documents\NetBeansProjects\GoCommunity\target\GoCommunity-1.0-SNAPSHOT\WEB-INF\db\go.odb' is opened by 7612@Utilizador

[2018-05-04 15:34:59 #2 type] 
Type db.Client is not enhanced.

[2018-05-04 15:34:59 #3 type] 
Type db.Project is not enhanced.

------------------------------------------------------------------------------------------------------------------------

[2018-05-04 15:40:57 #1 store] 
Database 'C:\Users\Asus\Documents\NetBeansProjects\GoCommunity\target\GoCommunity-1.0-SNAPSHOT\WEB-INF\db\go.odb' is opened by 7100@Utilizador

[2018-05-04 15:40:58 #2 type] 
Type db.Client is not enhanced.

[2018-05-04 15:40:58 #3 type] 
Type db.Project is not enhanced.

------------------------------------------------------------------------------------------------------------------------

[2018-05-04 16:03:07 #1 store] 
Database 'C:\Users\Asus\Documents\NetBeansProjects\GoCommunity\target\GoCommunity-1.0-SNAPSHOT\WEB-INF\db\go.odb' is opened by 7024@Utilizador

[2018-05-04 16:03:07 #2 type] 
Type db.Client is not enhanced.

[2018-05-04 16:03:07 #3 type] 
Type db.Project is not enhanced.

------------------------------------------------------------------------------------------------------------------------

[2018-05-04 16:13:03 #1 store] 
Database 'C:\Users\Asus\Documents\NetBeansProjects\GoCommunity\target\GoCommunity-1.0-SNAPSHOT\WEB-INF\db\go.odb' is opened by 6776@Utilizador

[2018-05-04 16:13:04 #2 type] 
Type db.Client is not enhanced.

[2018-05-04 16:13:04 #3 type] 
Type db.Project is not enhanced.

